{
  "RSpec": {
    "coverage": {
      "/Users/tkellogg/Desktop/jetbuilt/demo-app/spec/controllers/static_pages_controller_spec.rb": [
        1,
        null,
        1,
        null,
        1,
        1,
        1,
        1,
        null,
        null,
        null,
        null
      ],
      "/Users/tkellogg/Desktop/jetbuilt/demo-app/spec/rails_helper.rb": [
        null,
        1,
        1,
        null,
        1,
        1,
        1,
        null,
        null,
        null,
        null,
        null,
        null,
        null,
        null,
        null,
        null,
        null,
        null,
        null,
        null,
        null,
        null,
        null,
        null,
        null,
        1,
        null,
        1,
        null,
        1,
        null,
        null,
        null,
        null,
        1,
        null,
        null,
        null,
        null,
        null,
        null,
        null,
        null,
        null,
        null,
        null,
        null,
        null,
        null,
        1,
        null,
        null,
        1,
        null,
        null,
        null,
        null,
        1,
        1,
        1,
        1,
        null,
        null
      ],
      "/Users/tkellogg/Desktop/jetbuilt/demo-app/config/environment.rb": [
        null,
        1,
        null,
        null,
        1
      ],
      "/Users/tkellogg/Desktop/jetbuilt/demo-app/config/application.rb": [
        1,
        null,
        1,
        null,
        1,
        1,
        1,
        1,
        1,
        1,
        1,
        null,
        null,
        null,
        null,
        1,
        null,
        1,
        1,
        null,
        null,
        null,
        null,
        null,
        null,
        null,
        null,
        null,
        null,
        null,
        null,
        null,
        1,
        null,
        null
      ],
      "/Users/tkellogg/Desktop/jetbuilt/demo-app/config/boot.rb": [
        1,
        null,
        1
      ],
      "/Users/tkellogg/Desktop/jetbuilt/demo-app/config/environments/test.rb": [
        1,
        null,
        null,
        null,
        null,
        null,
        null,
        1,
        null,
        null,
        null,
        null,
        1,
        null,
        null,
        1,
        1,
        null,
        null,
        1,
        1,
        null,
        null,
        1,
        null,
        null,
        1,
        null,
        null,
        null,
        null,
        1,
        null,
        null,
        1,
        null,
        null,
        1,
        null,
        null,
        null,
        null
      ],
      "/Users/tkellogg/Desktop/jetbuilt/demo-app/config/initializers/assets.rb": [
        null,
        null,
        null,
        1,
        null,
        null,
        null,
        null,
        null,
        null,
        null
      ],
      "/Users/tkellogg/Desktop/jetbuilt/demo-app/config/initializers/backtrace_silencers.rb": [
        null,
        null,
        null,
        null,
        null,
        null,
        null
      ],
      "/Users/tkellogg/Desktop/jetbuilt/demo-app/config/initializers/cookies_serializer.rb": [
        null,
        null,
        1
      ],
      "/Users/tkellogg/Desktop/jetbuilt/demo-app/config/initializers/devise.rb": [
        null,
        null,
        1,
        null,
        null,
        null,
        null,
        null,
        null,
        null,
        null,
        null,
        null,
        null,
        1,
        null,
        null,
        null,
        null,
        null,
        null,
        null,
        null,
        1,
        null,
        null,
        null,
        null,
        null,
        null,
        null,
        null,
        null,
        null,
        null,
        null,
        null,
        null,
        null,
        null,
        null,
        null,
        null,
        null,
        null,
        1,
        null,
        null,
        null,
        null,
        1,
        null,
        null,
        null,
        null,
        null,
        null,
        null,
        null,
        null,
        null,
        null,
        null,
        null,
        null,
        null,
        null,
        null,
        null,
        null,
        null,
        null,
        null,
        null,
        null,
        null,
        null,
        null,
        null,
        null,
        null,
        1,
        null,
        null,
        null,
        null,
        null,
        null,
        null,
        null,
        null,
        null,
        null,
        null,
        null,
        null,
        null,
        null,
        1,
        null,
        null,
        null,
        null,
        null,
        null,
        null,
        null,
        null,
        null,
        null,
        null,
        null,
        null,
        null,
        null,
        null,
        null,
        null,
        null,
        null,
        null,
        null,
        null,
        null,
        null,
        null,
        1,
        null,
        null,
        null,
        null,
        null,
        null,
        null,
        null,
        null,
        1,
        null,
        null,
        null,
        null,
        null,
        null,
        null,
        null,
        null,
        null,
        1,
        null,
        null,
        null,
        null,
        null,
        null,
        null,
        null,
        null,
        null,
        null,
        null,
        null,
        null,
        null,
        null,
        null,
        null,
        null,
        null,
        null,
        null,
        null,
        null,
        null,
        null,
        null,
        null,
        null,
        null,
        null,
        null,
        null,
        null,
        null,
        null,
        null,
        null,
        null,
        null,
        null,
        null,
        null,
        null,
        null,
        1,
        null,
        null,
        null,
        null,
        null,
        null,
        null,
        null,
        null,
        null,
        null,
        null,
        null,
        null,
        null,
        null,
        null,
        null,
        null,
        null,
        null,
        null,
        null,
        null,
        null,
        null,
        null,
        null,
        null,
        null,
        null,
        null,
        null,
        null,
        null,
        null,
        null,
        null,
        null,
        null,
        null,
        1,
        null,
        null,
        null,
        null,
        null,
        null,
        null,
        null,
        null,
        null,
        null,
        null,
        null,
        null,
        null,
        null,
        null,
        null,
        null,
        null,
        null,
        null,
        null,
        null,
        null,
        null,
        null,
        null,
        null
      ],
      "/Users/tkellogg/Desktop/jetbuilt/demo-app/config/initializers/filter_parameter_logging.rb": [
        null,
        null,
        null,
        1
      ],
      "/Users/tkellogg/Desktop/jetbuilt/demo-app/config/initializers/inflections.rb": [
        null,
        null,
        null,
        null,
        null,
        null,
        null,
        null,
        null,
        null,
        null,
        null,
        null,
        null,
        null,
        null
      ],
      "/Users/tkellogg/Desktop/jetbuilt/demo-app/config/initializers/mime_types.rb": [
        null,
        null,
        null,
        null
      ],
      "/Users/tkellogg/Desktop/jetbuilt/demo-app/config/initializers/session_store.rb": [
        null,
        null,
        1
      ],
      "/Users/tkellogg/Desktop/jetbuilt/demo-app/config/initializers/wrap_parameters.rb": [
        null,
        null,
        null,
        null,
        null,
        null,
        1,
        1,
        null,
        null,
        null,
        null,
        null,
        null
      ],
      "/Users/tkellogg/Desktop/jetbuilt/demo-app/config/routes.rb": [
        1,
        1,
        null,
        1,
        null,
        1,
        null,
        null
      ],
      "/Users/tkellogg/Desktop/jetbuilt/demo-app/app/models/user.rb": [
        1,
        1,
        1,
        null,
        1,
        null,
        null,
        null,
        1,
        null,
        1,
        null,
        null
      ],
      "/Users/tkellogg/Desktop/jetbuilt/demo-app/app/helpers/application_helper.rb": [
        1,
        null
      ],
      "/Users/tkellogg/Desktop/jetbuilt/demo-app/app/helpers/static_pages_helper.rb": [
        1,
        null
      ],
      "/Users/tkellogg/Desktop/jetbuilt/demo-app/app/controllers/static_pages_controller.rb": [
        1,
        1,
        null,
        null
      ],
      "/Users/tkellogg/Desktop/jetbuilt/demo-app/app/controllers/application_controller.rb": [
        1,
        null,
        null,
        1,
        null
      ],
      "/Users/tkellogg/Desktop/jetbuilt/demo-app/spec/helpers/static_pages_helper_spec.rb": [
        1,
        null,
        null,
        null,
        null,
        null,
        null,
        null,
        null,
        null,
        null,
        null,
        1,
        1,
        null
      ],
      "/Users/tkellogg/Desktop/jetbuilt/demo-app/spec/models/campaign_spec.rb": [
        1,
        null,
        1,
        2,
        null
      ],
      "/Users/tkellogg/Desktop/jetbuilt/demo-app/app/models/campaign.rb": [
        1,
        1,
        null
      ],
      "/Users/tkellogg/Desktop/jetbuilt/demo-app/spec/models/client_spec.rb": [
        1,
        null,
        1,
        2,
        2,
        null
      ],
      "/Users/tkellogg/Desktop/jetbuilt/demo-app/app/models/client.rb": [
        1,
        1,
        1,
        null
      ],
      "/Users/tkellogg/Desktop/jetbuilt/demo-app/spec/models/company_spec.rb": [
        1,
        null,
        1,
        2,
        2,
        2,
        null
      ],
      "/Users/tkellogg/Desktop/jetbuilt/demo-app/app/models/company.rb": [
        1,
        1,
        1,
        1,
        null
      ],
      "/Users/tkellogg/Desktop/jetbuilt/demo-app/spec/models/user_spec.rb": [
        1,
        null,
        1,
        2,
        2,
        null
      ]
    },
    "timestamp": 1454443654
  }
}
